<?xml version="1.0" encoding="UTF-8"?>
<!-- Generated by org.testng.reporters.JUnitReportReporter -->
<testsuite hostname="NPF0JVR3W" failures="0" tests="1" name="com.flipkart.qa.testcases.FlipLoginpageTest" time="41.717" errors="0" timestamp="18 Dec 2020 08:12:53 GMT">
  <testcase classname="com.flipkart.qa.testcases.FlipLoginpageTest" name="LoginToFlipkart" time="41.717"/>
</testsuite> <!-- com.flipkart.qa.testcases.FlipLoginpageTest -->
